#
# A fatal error has been detected by the Java Runtime Environment:
#
#  SIGSEGV (0xb) at pc=0x00007fb21c0a4566, pid=3632, tid=3632
#
# JRE version: OpenJDK Runtime Environment (11.0.9.1+1) (build 11.0.9.1+1-Ubuntu-0ubuntu1.18.04)
# Java VM: OpenJDK 64-Bit Server VM (11.0.9.1+1-Ubuntu-0ubuntu1.18.04, mixed mode, sharing, tiered, compressed oops, g1 gc, linux-amd64)
# Problematic frame:
# C  [_jpype.cpython-36m-x86_64-linux-gnu.so+0x66566]  JPClass::invoke(JPJavaFrame&, _jobject*, _jclass*, _jmethodID*, jvalue*)+0x76
#
# Core dump will be written. Default location: Core dumps may be processed with "/sbin/crash_reporter --user=%P:%s:%u:%g:%e" (or dumping to /content/drive/MyDrive/Programming/Projects/kor-to-eng-translation/core.3632)
#
# If you would like to submit a bug report, please visit:
#   https://bugs.launchpad.net/ubuntu/+source/openjdk-lts
# The crash happened outside the Java Virtual Machine in native code.
# See problematic frame for where to report the bug.
#

---------------  S U M M A R Y ------------

Command Line: -Dfile.encoding=UTF8 -ea -Xmx1024m 

Host: Intel(R) Xeon(R) CPU @ 2.00GHz, 4 cores, 25G, Ubuntu 18.04.5 LTS
Time: Wed Feb  3 06:17:29 2021 UTC elapsed time: 9.674658 seconds (0d 0h 0m 9s)

---------------  T H R E A D  ---------------

Current thread (0x0000000005ccf800):  JavaThread "main" [_thread_in_native, id=3632, stack(0x00007ffd60717000,0x00007ffd60817000)]

Stack: [0x00007ffd60717000,0x00007ffd60817000],  sp=0x00007ffd60814d70,  free space=1015k
Native frames: (J=compiled Java code, A=aot compiled Java code, j=interpreted, Vv=VM code, C=native code)
C  [_jpype.cpython-36m-x86_64-linux-gnu.so+0x66566]  JPClass::invoke(JPJavaFrame&, _jobject*, _jclass*, _jmethodID*, jvalue*)+0x76


siginfo: si_signo: 11 (SIGSEGV), si_code: 1 (SEGV_MAPERR), si_addr: 0x0000000000000000

Register to memory mapping:

RAX=0x0 is NULL
RBX=0x0 is NULL
RCX=0x0 is NULL
RDX=0x0000000004f58730 points into unknown readable memory: 30 17 11 c0 00 00 00 00
RSP=0x00007ffd60814d70 is pointing into the stack for thread: 0x0000000005ccf800
RBP=0x00007ffd60814f10 is pointing into the stack for thread: 0x0000000005ccf800
RSI=0x0 is NULL
RDI=0x00007ffd60814cd0 is pointing into the stack for thread: 0x0000000005ccf800
R8 ={method} {0x00007fb1c84a2598} 'findClassForObject' '(Ljava/lang/Object;)J' in 'org/jpype/manager/TypeManager'
R9 =0x0000000000000001 is an unknown value
R10=0x00007ffd60814a00 is pointing into the stack for thread: 0x0000000005ccf800
R11=0x00007ffd60814930 is pointing into the stack for thread: 0x0000000005ccf800
R12=0x00007ffd60814d90 is pointing into the stack for thread: 0x0000000005ccf800
R13=0x00007ffd60814f08 is pointing into the stack for thread: 0x0000000005ccf800
R14=0x000000000543a9b8 points into unknown readable memory: 88 0d fc e8 00 00 00 00
R15=0x0 is NULL


Registers:
RAX=0x0000000000000000, RBX=0x0000000000000000, RCX=0x0000000000000000, RDX=0x0000000004f58730
RSP=0x00007ffd60814d70, RBP=0x00007ffd60814f10, RSI=0x0000000000000000, RDI=0x00007ffd60814cd0
R8 =0x00007fb1c84a2598, R9 =0x0000000000000001, R10=0x00007ffd60814a00, R11=0x00007ffd60814930
R12=0x00007ffd60814d90, R13=0x00007ffd60814f08, R14=0x000000000543a9b8, R15=0x0000000000000000
RIP=0x00007fb21c0a4566, EFLAGS=0x0000000000010206, CSGSFS=0x002b000000000033, ERR=0x0000000000000004
  TRAPNO=0x000000000000000e

Top of Stack: (sp=0x00007ffd60814d70)
0x00007ffd60814d70:   00007ffd60814d90 000000000699c1a8
0x00007ffd60814d80:   0000000005ccf800 0000000000000000
0x00007ffd60814d90:   00000000025fb0f0 0000000005ccf800
0x00007ffd60814da0:   00007ffd60814df0 0000000000000001 

Instructions: (pc=0x00007fb21c0a4566)
0x00007fb21c0a4466:   e8 35 cf fc ff 4c 89 ef e8 1d c1 fc ff 48 89 ef
0x00007fb21c0a4476:   e8 d5 c9 fc ff 48 83 c4 38 5b 5d 41 5c 41 5d c3
0x00007fb21c0a4486:   48 89 c7 e9 c8 3a fd ff 48 89 c3 49 89 d4 e9 a7
0x00007fb21c0a4496:   3a fd ff 48 89 c3 49 89 d4 e9 a4 3a fd ff 66 90
0x00007fb21c0a44a6:   66 2e 0f 1f 84 00 00 00 00 00 48 83 3d 20 fa 23
0x00007fb21c0a44b6:   00 00 74 16 b8 ff ff ff ff f0 0f c1 47 10 85 c0
0x00007fb21c0a44c6:   7e 15 c3 0f 1f 80 00 00 00 00 8b 47 10 8d 50 ff
0x00007fb21c0a44d6:   89 57 10 85 c0 7f eb e9 3e c0 fc ff 0f 1f 40 00
0x00007fb21c0a44e6:   66 2e 0f 1f 84 00 00 00 00 00 41 57 4d 89 c7 41
0x00007fb21c0a44f6:   56 49 89 ce 41 55 49 89 fd 41 54 55 48 89 d5 53
0x00007fb21c0a4506:   48 89 f3 48 83 ec 58 4c 8d 64 24 20 4c 89 4c 24
0x00007fb21c0a4516:   08 4c 89 e7 e8 c1 cb fc ff 4d 85 f6 0f 84 82 00
0x00007fb21c0a4526:   00 00 4d 85 ff 74 63 48 8b 4c 24 08 4c 89 fa 4c
0x00007fb21c0a4536:   89 f6 48 89 ef 4c 8b 84 24 90 00 00 00 e8 78 b6
0x00007fb21c0a4546:   fc ff 49 89 c6 4c 89 e7 e8 dd bd fc ff 4d 85 f6
0x00007fb21c0a4556:   74 0e 4c 89 f6 48 89 ef e8 9d cd fc ff 48 89 c3
0x00007fb21c0a4566:   48 8b 03 45 31 c0 4c 89 f1 48 89 ea 48 89 de 4c
0x00007fb21c0a4576:   89 ef ff 50 38 48 83 c4 58 4c 89 e8 5b 5d 41 5c
0x00007fb21c0a4586:   41 5d 41 5e 41 5f c3 0f 1f 00 48 8b 8c 24 90 00
0x00007fb21c0a4596:   00 00 48 8b 54 24 08 4c 89 f6 48 89 ef e8 18 d7
0x00007fb21c0a45a6:   fc ff eb 9e bf 48 00 00 00 48 8d 5c 24 28 e8 57
0x00007fb21c0a45b6:   ce fc ff 48 8d 54 24 1e 48 89 df 48 8d 35 d5 b6
0x00007fb21c0a45c6:   01 00 49 89 c5 48 8d 05 55 b8 01 00 c7 44 24 40
0x00007fb21c0a45d6:   d6 00 00 00 48 89 44 24 30 48 8d 05 9c b6 01 00
0x00007fb21c0a45e6:   48 89 44 24 38 e8 90 c4 fc ff 48 8b 05 c9 f1 23
0x00007fb21c0a45f6:   00 4c 8d 44 24 30 48 89 d9 4c 89 ef 48 8b 10 48
0x00007fb21c0a4606:   8b 05 b4 f0 23 00 8b 30 e8 3d b1 fc ff 48 8b 44
0x00007fb21c0a4616:   24 28 48 8d 78 e8 48 3b 3d 7d f8 23 00 0f 84 7d
0x00007fb21c0a4626:   39 fd ff 48 8d 74 24 1f e8 7d fe ff ff e9 6e 39
0x00007fb21c0a4636:   fd ff 48 89 c7 e9 90 39 fd ff e9 77 39 fd ff 48
0x00007fb21c0a4646:   89 c3 48 89 d5 e9 8b 39 fd ff 48 89 c3 48 89 d5
0x00007fb21c0a4656:   e9 92 39 fd ff 90 0f 1f 40 00 41 57 41 56 49 89 


Stack slot to memory mapping:
stack at sp + 0 slots: 0x00007ffd60814d90 is pointing into the stack for thread: 0x0000000005ccf800
stack at sp + 1 slots: 0x000000000699c1a8 points into unknown readable memory: 20 a8 4c c8 b1 7f 00 00
stack at sp + 2 slots: 0x0000000005ccf800 is a thread
stack at sp + 3 slots: 0x0 is NULL
stack at sp + 4 slots: 0x00000000025fb0f0 points into unknown readable memory: 00 00 00 00 00 00 00 00
stack at sp + 5 slots: 0x0000000005ccf800 is a thread
stack at sp + 6 slots: 0x00007ffd60814df0 is pointing into the stack for thread: 0x0000000005ccf800
stack at sp + 7 slots: 0x0000000000000001 is an unknown value


---------------  P R O C E S S  ---------------

Threads class SMR info:
_java_thread_list=0x00007fb1b01069b0, length=10, elements={
0x0000000005ccf800, 0x00000000067bf000, 0x00000000067c1000, 0x00000000067c5000,
0x00000000067c7800, 0x00000000067c9800, 0x00000000067cb800, 0x00000000067fa800,
0x0000000006800000, 0x00007fb19c001000
}

Java Threads: ( => current thread )
=>0x0000000005ccf800 JavaThread "main" [_thread_in_native, id=3632, stack(0x00007ffd60717000,0x00007ffd60817000)]
  0x00000000067bf000 JavaThread "Reference Handler" daemon [_thread_blocked, id=3652, stack(0x00007fb1b9eff000,0x00007fb1ba000000)]
  0x00000000067c1000 JavaThread "Finalizer" daemon [_thread_blocked, id=3653, stack(0x00007fb1b9dfe000,0x00007fb1b9eff000)]
  0x00000000067c5000 JavaThread "Signal Dispatcher" daemon [_thread_blocked, id=3654, stack(0x00007fb1b9cfd000,0x00007fb1b9dfe000)]
  0x00000000067c7800 JavaThread "C2 CompilerThread0" daemon [_thread_blocked, id=3655, stack(0x00007fb1b9bfc000,0x00007fb1b9cfd000)]
  0x00000000067c9800 JavaThread "C1 CompilerThread0" daemon [_thread_blocked, id=3656, stack(0x00007fb1b9afb000,0x00007fb1b9bfc000)]
  0x00000000067cb800 JavaThread "Sweeper thread" daemon [_thread_blocked, id=3657, stack(0x00007fb1b99fa000,0x00007fb1b9afb000)]
  0x00000000067fa800 JavaThread "Service Thread" daemon [_thread_blocked, id=3658, stack(0x00007fb1b98f9000,0x00007fb1b99fa000)]
  0x0000000006800000 JavaThread "Common-Cleaner" daemon [_thread_blocked, id=3660, stack(0x00007fb1b96f6000,0x00007fb1b97f7000)]
  0x00007fb19c001000 JavaThread "SIGINT handler" daemon [_thread_blocked, id=3683, stack(0x00007fb1b8dc6000,0x00007fb1b8ec7000)]

Other Threads:
  0x00000000067bc800 VMThread "VM Thread" [stack: 0x00007fb1f00b7000,0x00007fb1f01b7000] [id=3651] _threads_hazard_ptr=0x00007fb1b01069b0
  0x0000000005cf0800 GCTaskThread "GC Thread#0" [stack: 0x00007fb1f8120000,0x00007fb1f8220000] [id=3646]
  0x00007fb1b0001000 GCTaskThread "GC Thread#1" [stack: 0x00007fb1b90cd000,0x00007fb1b91cd000] [id=3662]
  0x00007fb1b0003000 GCTaskThread "GC Thread#2" [stack: 0x00007fb1b8fcb000,0x00007fb1b90cb000] [id=3663]
  0x00007fb1b0004800 GCTaskThread "GC Thread#3" [stack: 0x00007fb1b8ec9000,0x00007fb1b8fc9000] [id=3664]
  0x000000000610a000 ConcurrentGCThread "G1 Main Marker" [stack: 0x00007fb1f801e000,0x00007fb1f811e000] [id=3647]
  0x000000000610b000 ConcurrentGCThread "G1 Conc#0" [stack: 0x00007fb1f03bd000,0x00007fb1f04bd000] [id=3648]
  0x0000000006650000 ConcurrentGCThread "G1 Refine#0" [stack: 0x00007fb1f02bb000,0x00007fb1f03bb000] [id=3649]
  0x00007fb1b4008800 ConcurrentGCThread "G1 Refine#1" [stack: 0x00007fb1b8cc6000,0x00007fb1b8dc6000] [id=3666]
  0x00007fb178055000 ConcurrentGCThread "G1 Refine#2" [stack: 0x00007fb1b8bc4000,0x00007fb1b8cc4000] [id=3667]
  0x00007fb16c006800 ConcurrentGCThread "G1 Refine#3" [stack: 0x00007fb1b8ac2000,0x00007fb1b8bc2000] [id=3671]
  0x0000000006651800 ConcurrentGCThread "G1 Young RemSet Sampling" [stack: 0x00007fb1f01b9000,0x00007fb1f02b9000] [id=3650]

Threads with active compile tasks:
C2 CompilerThread0   9824 2178       4       jdk.internal.math.FloatingDecimal$BinaryToASCIIBuffer::dtoa (1509 bytes)

VM state:at safepoint (normal execution)

VM Mutex/Monitor currently owned by a thread:  ([mutex/lock_event])
[0x0000000005677560] Threads_lock - owner thread: 0x00000000067bc800

Heap address: 0x00000000c0000000, size: 1024 MB, Compressed Oops mode: 32-bit
Narrow klass base: 0x0000000800000000, Narrow klass shift: 3
Compressed class space size: 1073741824 Address: 0x0000000840000000

Heap:
 garbage-first heap   total 731136K, used 388329K [0x00000000c0000000, 0x0000000100000000)
  region size 1024K, 58 young (59392K), 1 survivors (1024K)
 Metaspace       used 3353K, capacity 5408K, committed 5632K, reserved 1056768K
  class space    used 262K, capacity 496K, committed 512K, reserved 1048576K
Heap Regions: E=young(eden), S=young(survivor), O=old, HS=humongous(starts), HC=humongous(continues), CS=collection set, F=free, A=archive, TAMS=top-at-mark-start (previous, next)
|   0|0x00000000c0000000, 0x00000000c00ffff8, 0x00000000c0100000| 99%| O|  |TAMS 0x00000000c00ffff8, 0x00000000c0000000| Untracked 
|   1|0x00000000c0100000, 0x00000000c01ffff8, 0x00000000c0200000| 99%| O|  |TAMS 0x00000000c01ffff8, 0x00000000c0100000| Untracked 
|   2|0x00000000c0200000, 0x00000000c02fffd0, 0x00000000c0300000| 99%| O|  |TAMS 0x00000000c02fffd0, 0x00000000c0200000| Untracked 
|   3|0x00000000c0300000, 0x00000000c03ffff0, 0x00000000c0400000| 99%| O|  |TAMS 0x00000000c03ffff0, 0x00000000c0300000| Untracked 
|   4|0x00000000c0400000, 0x00000000c0500000, 0x00000000c0500000|100%|HS|  |TAMS 0x00000000c0500000, 0x00000000c0400000| Untracked 
|   5|0x00000000c0500000, 0x00000000c0600000, 0x00000000c0600000|100%| O|  |TAMS 0x00000000c0600000, 0x00000000c0500000| Untracked 
|   6|0x00000000c0600000, 0x00000000c0700000, 0x00000000c0700000|100%|HS|  |TAMS 0x00000000c0700000, 0x00000000c0600000| Untracked 
|   7|0x00000000c0700000, 0x00000000c0800000, 0x00000000c0800000|100%|HC|  |TAMS 0x00000000c0800000, 0x00000000c0700000| Untracked 
|   8|0x00000000c0800000, 0x00000000c0900000, 0x00000000c0900000|100%|HC|  |TAMS 0x00000000c0900000, 0x00000000c0800000| Untracked 
|   9|0x00000000c0900000, 0x00000000c09ffff0, 0x00000000c0a00000| 99%| O|  |TAMS 0x00000000c09ffff0, 0x00000000c0900000| Untracked 
|  10|0x00000000c0a00000, 0x00000000c0b00000, 0x00000000c0b00000|100%| O|  |TAMS 0x00000000c0b00000, 0x00000000c0a00000| Untracked 
|  11|0x00000000c0b00000, 0x00000000c0c00000, 0x00000000c0c00000|100%| O|  |TAMS 0x00000000c0c00000, 0x00000000c0b00000| Untracked 
|  12|0x00000000c0c00000, 0x00000000c0cffff8, 0x00000000c0d00000| 99%| O|  |TAMS 0x00000000c0cffff8, 0x00000000c0c00000| Untracked 
|  13|0x00000000c0d00000, 0x00000000c0e00000, 0x00000000c0e00000|100%|HS|  |TAMS 0x00000000c0e00000, 0x00000000c0d00000| Untracked 
|  14|0x00000000c0e00000, 0x00000000c0effff0, 0x00000000c0f00000| 99%| O|  |TAMS 0x00000000c0effff0, 0x00000000c0e00000| Untracked 
|  15|0x00000000c0f00000, 0x00000000c0fffff8, 0x00000000c1000000| 99%| O|  |TAMS 0x00000000c0fffff8, 0x00000000c0f00000| Untracked 
|  16|0x00000000c1000000, 0x00000000c10ffff8, 0x00000000c1100000| 99%| O|  |TAMS 0x00000000c10ffff8, 0x00000000c1000000| Untracked 
|  17|0x00000000c1100000, 0x00000000c11ffff0, 0x00000000c1200000| 99%| O|  |TAMS 0x00000000c11ffff0, 0x00000000c1100000| Untracked 
|  18|0x00000000c1200000, 0x00000000c1300000, 0x00000000c1300000|100%| O|  |TAMS 0x00000000c1300000, 0x00000000c1200000| Untracked 
|  19|0x00000000c1300000, 0x00000000c13ffff8, 0x00000000c1400000| 99%| O|  |TAMS 0x00000000c13ffff8, 0x00000000c1300000| Untracked 
|  20|0x00000000c1400000, 0x00000000c1500000, 0x00000000c1500000|100%| O|  |TAMS 0x00000000c1500000, 0x00000000c1400000| Untracked 
|  21|0x00000000c1500000, 0x00000000c1600000, 0x00000000c1600000|100%| O|  |TAMS 0x00000000c1600000, 0x00000000c1500000| Untracked 
|  22|0x00000000c1600000, 0x00000000c1700000, 0x00000000c1700000|100%| O|  |TAMS 0x00000000c1700000, 0x00000000c1600000| Untracked 
|  23|0x00000000c1700000, 0x00000000c17fffe8, 0x00000000c1800000| 99%| O|  |TAMS 0x00000000c17fffe8, 0x00000000c1700000| Untracked 
|  24|0x00000000c1800000, 0x00000000c1900000, 0x00000000c1900000|100%| O|  |TAMS 0x00000000c1900000, 0x00000000c1800000| Untracked 
|  25|0x00000000c1900000, 0x00000000c19fffe8, 0x00000000c1a00000| 99%| O|  |TAMS 0x00000000c19fffe8, 0x00000000c1900000| Untracked 
|  26|0x00000000c1a00000, 0x00000000c1affff0, 0x00000000c1b00000| 99%| O|  |TAMS 0x00000000c1affff0, 0x00000000c1a00000| Untracked 
|  27|0x00000000c1b00000, 0x00000000c1bffff8, 0x00000000c1c00000| 99%| O|  |TAMS 0x00000000c1bffff8, 0x00000000c1b00000| Untracked 
|  28|0x00000000c1c00000, 0x00000000c1cfffe8, 0x00000000c1d00000| 99%| O|  |TAMS 0x00000000c1cfffe8, 0x00000000c1c00000| Untracked 
|  29|0x00000000c1d00000, 0x00000000c1dffff0, 0x00000000c1e00000| 99%| O|  |TAMS 0x00000000c1dffff0, 0x00000000c1d00000| Untracked 
|  30|0x00000000c1e00000, 0x00000000c1efffe8, 0x00000000c1f00000| 99%| O|  |TAMS 0x00000000c1efffe8, 0x00000000c1e00000| Untracked 
|  31|0x00000000c1f00000, 0x00000000c2000000, 0x00000000c2000000|100%| O|  |TAMS 0x00000000c2000000, 0x00000000c1f00000| Untracked 
|  32|0x00000000c2000000, 0x00000000c2100000, 0x00000000c2100000|100%| O|  |TAMS 0x00000000c2100000, 0x00000000c2000000| Untracked 
|  33|0x00000000c2100000, 0x00000000c21fffe0, 0x00000000c2200000| 99%| O|  |TAMS 0x00000000c21fffe0, 0x00000000c2100000| Untracked 
|  34|0x00000000c2200000, 0x00000000c22ffff8, 0x00000000c2300000| 99%| O|  |TAMS 0x00000000c22ffff8, 0x00000000c2200000| Untracked 
|  35|0x00000000c2300000, 0x00000000c23fffc8, 0x00000000c2400000| 99%| O|  |TAMS 0x00000000c23fffc8, 0x00000000c2300000| Untracked 
|  36|0x00000000c2400000, 0x00000000c24fffd0, 0x00000000c2500000| 99%| O|  |TAMS 0x00000000c24fffd0, 0x00000000c2400000| Untracked 
|  37|0x00000000c2500000, 0x00000000c25fffe8, 0x00000000c2600000| 99%| O|  |TAMS 0x00000000c25fffe8, 0x00000000c2500000| Untracked 
|  38|0x00000000c2600000, 0x00000000c26ffff0, 0x00000000c2700000| 99%| O|  |TAMS 0x00000000c26ffff0, 0x00000000c2600000| Untracked 
|  39|0x00000000c2700000, 0x00000000c27ffff0, 0x00000000c2800000| 99%| O|  |TAMS 0x00000000c27ffff0, 0x00000000c2700000| Untracked 
|  40|0x00000000c2800000, 0x00000000c28ffff0, 0x00000000c2900000| 99%| O|  |TAMS 0x00000000c28ffff0, 0x00000000c2800000| Untracked 
|  41|0x00000000c2900000, 0x00000000c29ffff8, 0x00000000c2a00000| 99%| O|  |TAMS 0x00000000c29ffff8, 0x00000000c2900000| Untracked 
|  42|0x00000000c2a00000, 0x00000000c2affff0, 0x00000000c2b00000| 99%| O|  |TAMS 0x00000000c2affff0, 0x00000000c2a00000| Untracked 
|  43|0x00000000c2b00000, 0x00000000c2bfffd0, 0x00000000c2c00000| 99%| O|  |TAMS 0x00000000c2bfffd0, 0x00000000c2b00000| Untracked 
|  44|0x00000000c2c00000, 0x00000000c2d00000, 0x00000000c2d00000|100%| O|  |TAMS 0x00000000c2d00000, 0x00000000c2c00000| Untracked 
|  45|0x00000000c2d00000, 0x00000000c2dffff8, 0x00000000c2e00000| 99%| O|  |TAMS 0x00000000c2dffff8, 0x00000000c2d00000| Untracked 
|  46|0x00000000c2e00000, 0x00000000c2effff8, 0x00000000c2f00000| 99%| O|  |TAMS 0x00000000c2effff8, 0x00000000c2e00000| Untracked 
|  47|0x00000000c2f00000, 0x00000000c2ffffe8, 0x00000000c3000000| 99%| O|  |TAMS 0x00000000c2ffffe8, 0x00000000c2f00000| Untracked 
|  48|0x00000000c3000000, 0x00000000c3100000, 0x00000000c3100000|100%| O|  |TAMS 0x00000000c3100000, 0x00000000c3000000| Untracked 
|  49|0x00000000c3100000, 0x00000000c31ffff8, 0x00000000c3200000| 99%| O|  |TAMS 0x00000000c31ffff8, 0x00000000c3100000| Untracked 
|  50|0x00000000c3200000, 0x00000000c32ffff8, 0x00000000c3300000| 99%| O|  |TAMS 0x00000000c32ffff8, 0x00000000c3200000| Untracked 
|  51|0x00000000c3300000, 0x00000000c33ffff8, 0x00000000c3400000| 99%| O|  |TAMS 0x00000000c33ffff8, 0x00000000c3300000| Untracked 
|  52|0x00000000c3400000, 0x00000000c3500000, 0x00000000c3500000|100%|HS|  |TAMS 0x00000000c3500000, 0x00000000c3400000| Untracked 
|  53|0x00000000c3500000, 0x00000000c3600000, 0x00000000c3600000|100%|HC|  |TAMS 0x00000000c3600000, 0x00000000c3500000| Untracked 
|  54|0x00000000c3600000, 0x00000000c3700000, 0x00000000c3700000|100%|HC|  |TAMS 0x00000000c3700000, 0x00000000c3600000| Untracked 
|  55|0x00000000c3700000, 0x00000000c3800000, 0x00000000c3800000|100%|HC|  |TAMS 0x00000000c3800000, 0x00000000c3700000| Untracked 
|  56|0x00000000c3800000, 0x00000000c3900000, 0x00000000c3900000|100%| O|  |TAMS 0x00000000c3900000, 0x00000000c3800000| Untracked 
|  57|0x00000000c3900000, 0x00000000c39ffff0, 0x00000000c3a00000| 99%| O|  |TAMS 0x00000000c39ffff0, 0x00000000c3900000| Untracked 
|  58|0x00000000c3a00000, 0x00000000c3affff8, 0x00000000c3b00000| 99%| O|  |TAMS 0x00000000c3affff8, 0x00000000c3a00000| Untracked 
|  59|0x00000000c3b00000, 0x00000000c3bffff8, 0x00000000c3c00000| 99%| O|  |TAMS 0x00000000c3bffff8, 0x00000000c3b00000| Untracked 
|  60|0x00000000c3c00000, 0x00000000c3cffff0, 0x00000000c3d00000| 99%| O|  |TAMS 0x00000000c3cffff0, 0x00000000c3c00000| Untracked 
|  61|0x00000000c3d00000, 0x00000000c3e00000, 0x00000000c3e00000|100%| O|  |TAMS 0x00000000c3e00000, 0x00000000c3d00000| Untracked 
|  62|0x00000000c3e00000, 0x00000000c3effff0, 0x00000000c3f00000| 99%| O|  |TAMS 0x00000000c3effff0, 0x00000000c3e00000| Untracked 
|  63|0x00000000c3f00000, 0x00000000c4000000, 0x00000000c4000000|100%| O|  |TAMS 0x00000000c4000000, 0x00000000c3f00000| Untracked 
|  64|0x00000000c4000000, 0x00000000c40ffff8, 0x00000000c4100000| 99%| O|  |TAMS 0x00000000c40ffff8, 0x00000000c4000000| Untracked 
|  65|0x00000000c4100000, 0x00000000c41ffff8, 0x00000000c4200000| 99%| O|  |TAMS 0x00000000c41ffff8, 0x00000000c4100000| Untracked 
|  66|0x00000000c4200000, 0x00000000c42fffe0, 0x00000000c4300000| 99%| O|  |TAMS 0x00000000c42fffe0, 0x00000000c4200000| Untracked 
|  67|0x00000000c4300000, 0x00000000c4400000, 0x00000000c4400000|100%| O|  |TAMS 0x00000000c4400000, 0x00000000c4300000| Untracked 
|  68|0x00000000c4400000, 0x00000000c44ffff8, 0x00000000c4500000| 99%| O|  |TAMS 0x00000000c44ffff8, 0x00000000c4400000| Untracked 
|  69|0x00000000c4500000, 0x00000000c45ffff8, 0x00000000c4600000| 99%| O|  |TAMS 0x00000000c45ffff8, 0x00000000c4500000| Untracked 
|  70|0x00000000c4600000, 0x00000000c4700000, 0x00000000c4700000|100%| O|  |TAMS 0x00000000c4700000, 0x00000000c4600000| Untracked 
|  71|0x00000000c4700000, 0x00000000c47ffff0, 0x00000000c4800000| 99%| O|  |TAMS 0x00000000c47ffff0, 0x00000000c4700000| Untracked 
|  72|0x00000000c4800000, 0x00000000c4900000, 0x00000000c4900000|100%| O|  |TAMS 0x00000000c4900000, 0x00000000c4800000| Untracked 
|  73|0x00000000c4900000, 0x00000000c49fffe8, 0x00000000c4a00000| 99%| O|  |TAMS 0x00000000c49fffe8, 0x00000000c4900000| Untracked 
|  74|0x00000000c4a00000, 0x00000000c4affff8, 0x00000000c4b00000| 99%| O|  |TAMS 0x00000000c4affff8, 0x00000000c4a00000| Untracked 
|  75|0x00000000c4b00000, 0x00000000c4bffff0, 0x00000000c4c00000| 99%| O|  |TAMS 0x00000000c4bffff0, 0x00000000c4b00000| Untracked 
|  76|0x00000000c4c00000, 0x00000000c4d00000, 0x00000000c4d00000|100%| O|  |TAMS 0x00000000c4d00000, 0x00000000c4c00000| Untracked 
|  77|0x00000000c4d00000, 0x00000000c4dffff0, 0x00000000c4e00000| 99%| O|  |TAMS 0x00000000c4dffff0, 0x00000000c4d00000| Untracked 
|  78|0x00000000c4e00000, 0x00000000c4efffe8, 0x00000000c4f00000| 99%| O|  |TAMS 0x00000000c4efffe8, 0x00000000c4e00000| Untracked 
|  79|0x00000000c4f00000, 0x00000000c5000000, 0x00000000c5000000|100%| O|  |TAMS 0x00000000c5000000, 0x00000000c4f00000| Untracked 
|  80|0x00000000c5000000, 0x00000000c50fffe0, 0x00000000c5100000| 99%| O|  |TAMS 0x00000000c50fffe0, 0x00000000c5000000| Untracked 
|  81|0x00000000c5100000, 0x00000000c51ffff0, 0x00000000c5200000| 99%| O|  |TAMS 0x00000000c51ffff0, 0x00000000c5100000| Untracked 
|  82|0x00000000c5200000, 0x00000000c5300000, 0x00000000c5300000|100%| O|  |TAMS 0x00000000c5300000, 0x00000000c5200000| Untracked 
|  83|0x00000000c5300000, 0x00000000c53ffff0, 0x00000000c5400000| 99%| O|  |TAMS 0x00000000c53ffff0, 0x00000000c5300000| Untracked 
|  84|0x00000000c5400000, 0x00000000c54ffff0, 0x00000000c5500000| 99%| O|  |TAMS 0x00000000c54ffff0, 0x00000000c5400000| Untracked 
|  85|0x00000000c5500000, 0x00000000c5600000, 0x00000000c5600000|100%| O|  |TAMS 0x00000000c5600000, 0x00000000c5500000| Untracked 
|  86|0x00000000c5600000, 0x00000000c56ffff0, 0x00000000c5700000| 99%| O|  |TAMS 0x00000000c56ffff0, 0x00000000c5600000| Untracked 
|  87|0x00000000c5700000, 0x00000000c5800000, 0x00000000c5800000|100%| O|  |TAMS 0x00000000c5800000, 0x00000000c5700000| Untracked 
|  88|0x00000000c5800000, 0x00000000c5900000, 0x00000000c5900000|100%| O|  |TAMS 0x00000000c5900000, 0x00000000c5800000| Untracked 
|  89|0x00000000c5900000, 0x00000000c5a00000, 0x00000000c5a00000|100%|HS|  |TAMS 0x00000000c5a00000, 0x00000000c5900000| Untracked 
|  90|0x00000000c5a00000, 0x00000000c5b00000, 0x00000000c5b00000|100%|HC|  |TAMS 0x00000000c5b00000, 0x00000000c5a00000| Untracked 
|  91|0x00000000c5b00000, 0x00000000c5bffff0, 0x00000000c5c00000| 99%| O|  |TAMS 0x00000000c5bffff0, 0x00000000c5b00000| Untracked 
|  92|0x00000000c5c00000, 0x00000000c5cfffe8, 0x00000000c5d00000| 99%| O|  |TAMS 0x00000000c5cfffe8, 0x00000000c5c00000| Untracked 
|  93|0x00000000c5d00000, 0x00000000c5dffff8, 0x00000000c5e00000| 99%| O|  |TAMS 0x00000000c5dffff8, 0x00000000c5d00000| Untracked 
|  94|0x00000000c5e00000, 0x00000000c5efffe8, 0x00000000c5f00000| 99%| O|  |TAMS 0x00000000c5efffe8, 0x00000000c5e00000| Untracked 
|  95|0x00000000c5f00000, 0x00000000c6000000, 0x00000000c6000000|100%| O|  |TAMS 0x00000000c6000000, 0x00000000c5f00000| Untracked 
|  96|0x00000000c6000000, 0x00000000c60ffff0, 0x00000000c6100000| 99%| O|  |TAMS 0x00000000c60ffff0, 0x00000000c6000000| Untracked 
|  97|0x00000000c6100000, 0x00000000c61ffff8, 0x00000000c6200000| 99%| O|  |TAMS 0x00000000c61ffff8, 0x00000000c6100000| Untracked 
|  98|0x00000000c6200000, 0x00000000c62ffff0, 0x00000000c6300000| 99%| O|  |TAMS 0x00000000c62ffff0, 0x00000000c6200000| Untracked 
|  99|0x00000000c6300000, 0x00000000c6400000, 0x00000000c6400000|100%| O|  |TAMS 0x00000000c6400000, 0x00000000c6300000| Untracked 
| 100|0x00000000c6400000, 0x00000000c6500000, 0x00000000c6500000|100%| O|  |TAMS 0x00000000c6500000, 0x00000000c6400000| Untracked 
| 101|0x00000000c6500000, 0x00000000c65ffff0, 0x00000000c6600000| 99%| O|  |TAMS 0x00000000c65ffff0, 0x00000000c6500000| Untracked 
| 102|0x00000000c6600000, 0x00000000c6700000, 0x00000000c6700000|100%| O|  |TAMS 0x00000000c6700000, 0x00000000c6600000| Untracked 
| 103|0x00000000c6700000, 0x00000000c6800000, 0x00000000c6800000|100%| O|  |TAMS 0x00000000c6800000, 0x00000000c6700000| Untracked 
| 104|0x00000000c6800000, 0x00000000c6900000, 0x00000000c6900000|100%| O|  |TAMS 0x00000000c6900000, 0x00000000c6800000| Untracked 
| 105|0x00000000c6900000, 0x00000000c69ffff8, 0x00000000c6a00000| 99%| O|  |TAMS 0x00000000c69ffff8, 0x00000000c6900000| Untracked 
| 106|0x00000000c6a00000, 0x00000000c6b00000, 0x00000000c6b00000|100%| O|  |TAMS 0x00000000c6b00000, 0x00000000c6a00000| Untracked 
| 107|0x00000000c6b00000, 0x00000000c6bfffd0, 0x00000000c6c00000| 99%| O|  |TAMS 0x00000000c6bfffd0, 0x00000000c6b00000| Untracked 
| 108|0x00000000c6c00000, 0x00000000c6cffff8, 0x00000000c6d00000| 99%| O|  |TAMS 0x00000000c6cffff8, 0x00000000c6c00000| Untracked 
| 109|0x00000000c6d00000, 0x00000000c6dfffe8, 0x00000000c6e00000| 99%| O|  |TAMS 0x00000000c6dfffe8, 0x00000000c6d00000| Untracked 
| 110|0x00000000c6e00000, 0x00000000c6efffe8, 0x00000000c6f00000| 99%| O|  |TAMS 0x00000000c6efffe8, 0x00000000c6e00000| Untracked 
| 111|0x00000000c6f00000, 0x00000000c7000000, 0x00000000c7000000|100%| O|  |TAMS 0x00000000c7000000, 0x00000000c6f00000| Untracked 
| 112|0x00000000c7000000, 0x00000000c70fffc8, 0x00000000c7100000| 99%| O|  |TAMS 0x00000000c70fffc8, 0x00000000c7000000| Untracked 
| 113|0x00000000c7100000, 0x00000000c7200000, 0x00000000c7200000|100%| O|  |TAMS 0x00000000c7200000, 0x00000000c7100000| Untracked 
| 114|0x00000000c7200000, 0x00000000c72ffff0, 0x00000000c7300000| 99%| O|  |TAMS 0x00000000c72ffff0, 0x00000000c7200000| Untracked 
| 115|0x00000000c7300000, 0x00000000c7400000, 0x00000000c7400000|100%| O|  |TAMS 0x00000000c7400000, 0x00000000c7300000| Untracked 
| 116|0x00000000c7400000, 0x00000000c74fffd0, 0x00000000c7500000| 99%| O|  |TAMS 0x00000000c74fffd0, 0x00000000c7400000| Untracked 
| 117|0x00000000c7500000, 0x00000000c7600000, 0x00000000c7600000|100%| O|  |TAMS 0x00000000c7600000, 0x00000000c7500000| Untracked 
| 118|0x00000000c7600000, 0x00000000c76fffd8, 0x00000000c7700000| 99%| O|  |TAMS 0x00000000c76fffd8, 0x00000000c7600000| Untracked 
| 119|0x00000000c7700000, 0x00000000c77fffe0, 0x00000000c7800000| 99%| O|  |TAMS 0x00000000c77fffe0, 0x00000000c7700000| Untracked 
| 120|0x00000000c7800000, 0x00000000c78ffff8, 0x00000000c7900000| 99%| O|  |TAMS 0x00000000c78ffff8, 0x00000000c7800000| Untracked 
| 121|0x00000000c7900000, 0x00000000c79fffe0, 0x00000000c7a00000| 99%| O|  |TAMS 0x00000000c79fffe0, 0x00000000c7900000| Untracked 
| 122|0x00000000c7a00000, 0x00000000c7afffe8, 0x00000000c7b00000| 99%| O|  |TAMS 0x00000000c7afffe8, 0x00000000c7a00000| Untracked 
| 123|0x00000000c7b00000, 0x00000000c7c00000, 0x00000000c7c00000|100%| O|  |TAMS 0x00000000c7c00000, 0x00000000c7b00000| Untracked 
| 124|0x00000000c7c00000, 0x00000000c7cffff8, 0x00000000c7d00000| 99%| O|  |TAMS 0x00000000c7cffff8, 0x00000000c7c00000| Untracked 
| 125|0x00000000c7d00000, 0x00000000c7dfffe8, 0x00000000c7e00000| 99%| O|  |TAMS 0x00000000c7dfffe8, 0x00000000c7d00000| Untracked 
| 126|0x00000000c7e00000, 0x00000000c7efffd8, 0x00000000c7f00000| 99%| O|  |TAMS 0x00000000c7efffd8, 0x00000000c7e00000| Untracked 
| 127|0x00000000c7f00000, 0x00000000c8000000, 0x00000000c8000000|100%| O|  |TAMS 0x00000000c8000000, 0x00000000c7f00000| Untracked 
| 128|0x00000000c8000000, 0x00000000c80ffff0, 0x00000000c8100000| 99%| O|  |TAMS 0x00000000c80ffff0, 0x00000000c8000000| Untracked 
| 129|0x00000000c8100000, 0x00000000c81ffff8, 0x00000000c8200000| 99%| O|  |TAMS 0x00000000c81ffff8, 0x00000000c8100000| Untracked 
| 130|0x00000000c8200000, 0x00000000c82fffe0, 0x00000000c8300000| 99%| O|  |TAMS 0x00000000c82fffe0, 0x00000000c8200000| Untracked 
| 131|0x00000000c8300000, 0x00000000c8400000, 0x00000000c8400000|100%| O|  |TAMS 0x00000000c8400000, 0x00000000c8300000| Untracked 
| 132|0x00000000c8400000, 0x00000000c8500000, 0x00000000c8500000|100%| O|  |TAMS 0x00000000c8500000, 0x00000000c8400000| Untracked 
| 133|0x00000000c8500000, 0x00000000c85ffff0, 0x00000000c8600000| 99%| O|  |TAMS 0x00000000c85ffff0, 0x00000000c8500000| Untracked 
| 134|0x00000000c8600000, 0x00000000c86fff98, 0x00000000c8700000| 99%| O|  |TAMS 0x00000000c86fff98, 0x00000000c8600000| Untracked 
| 135|0x00000000c8700000, 0x00000000c87fffd0, 0x00000000c8800000| 99%| O|  |TAMS 0x00000000c87fffd0, 0x00000000c8700000| Untracked 
| 136|0x00000000c8800000, 0x00000000c88ffff0, 0x00000000c8900000| 99%| O|  |TAMS 0x00000000c88ffff0, 0x00000000c8800000| Untracked 
| 137|0x00000000c8900000, 0x00000000c89fffa8, 0x00000000c8a00000| 99%| O|  |TAMS 0x00000000c89fffa8, 0x00000000c8900000| Untracked 
| 138|0x00000000c8a00000, 0x00000000c8affff8, 0x00000000c8b00000| 99%| O|  |TAMS 0x00000000c8affff8, 0x00000000c8a00000| Untracked 
| 139|0x00000000c8b00000, 0x00000000c8bfffb8, 0x00000000c8c00000| 99%| O|  |TAMS 0x00000000c8bfffb8, 0x00000000c8b00000| Untracked 
| 140|0x00000000c8c00000, 0x00000000c8d00000, 0x00000000c8d00000|100%| O|  |TAMS 0x00000000c8d00000, 0x00000000c8c00000| Untracked 
| 141|0x00000000c8d00000, 0x00000000c8dfffe8, 0x00000000c8e00000| 99%| O|  |TAMS 0x00000000c8dfffe8, 0x00000000c8d00000| Untracked 
| 142|0x00000000c8e00000, 0x00000000c8effff0, 0x00000000c8f00000| 99%| O|  |TAMS 0x00000000c8effff0, 0x00000000c8e00000| Untracked 
| 143|0x00000000c8f00000, 0x00000000c8ffffd0, 0x00000000c9000000| 99%| O|  |TAMS 0x00000000c8ffffd0, 0x00000000c8f00000| Untracked 
| 144|0x00000000c9000000, 0x00000000c90ffff8, 0x00000000c9100000| 99%| O|  |TAMS 0x00000000c90ffff8, 0x00000000c9000000| Untracked 
| 145|0x00000000c9100000, 0x00000000c91fffe8, 0x00000000c9200000| 99%| O|  |TAMS 0x00000000c91fffe8, 0x00000000c9100000| Untracked 
| 146|0x00000000c9200000, 0x00000000c92fffe0, 0x00000000c9300000| 99%| O|  |TAMS 0x00000000c92fffe0, 0x00000000c9200000| Untracked 
| 147|0x00000000c9300000, 0x00000000c93fffa8, 0x00000000c9400000| 99%| O|  |TAMS 0x00000000c93fffa8, 0x00000000c9300000| Untracked 
| 148|0x00000000c9400000, 0x00000000c94ffff8, 0x00000000c9500000| 99%| O|  |TAMS 0x00000000c94ffff8, 0x00000000c9400000| Untracked 
| 149|0x00000000c9500000, 0x00000000c95ffff8, 0x00000000c9600000| 99%| O|  |TAMS 0x00000000c95ffff8, 0x00000000c9500000| Untracked 
| 150|0x00000000c9600000, 0x00000000c96fffd0, 0x00000000c9700000| 99%| O|  |TAMS 0x00000000c96fffd0, 0x00000000c9600000| Untracked 
| 151|0x00000000c9700000, 0x00000000c97ffff8, 0x00000000c9800000| 99%| O|  |TAMS 0x00000000c97ffff8, 0x00000000c9700000| Untracked 
| 152|0x00000000c9800000, 0x00000000c98fffd8, 0x00000000c9900000| 99%| O|  |TAMS 0x00000000c98fffd8, 0x00000000c9800000| Untracked 
| 153|0x00000000c9900000, 0x00000000c99fffd0, 0x00000000c9a00000| 99%| O|  |TAMS 0x00000000c99fffd0, 0x00000000c9900000| Untracked 
| 154|0x00000000c9a00000, 0x00000000c9b00000, 0x00000000c9b00000|100%| O|  |TAMS 0x00000000c9b00000, 0x00000000c9a00000| Untracked 
| 155|0x00000000c9b00000, 0x00000000c9bfffc0, 0x00000000c9c00000| 99%| O|  |TAMS 0x00000000c9bfffc0, 0x00000000c9b00000| Untracked 
| 156|0x00000000c9c00000, 0x00000000c9d00000, 0x00000000c9d00000|100%| O|  |TAMS 0x00000000c9d00000, 0x00000000c9c00000| Untracked 
| 157|0x00000000c9d00000, 0x00000000c9dfffc8, 0x00000000c9e00000| 99%| O|  |TAMS 0x00000000c9dfffc8, 0x00000000c9d00000| Untracked 
| 158|0x00000000c9e00000, 0x00000000c9effff0, 0x00000000c9f00000| 99%| O|  |TAMS 0x00000000c9effff0, 0x00000000c9e00000| Untracked 
| 159|0x00000000c9f00000, 0x00000000ca000000, 0x00000000ca000000|100%| O|  |TAMS 0x00000000ca000000, 0x00000000c9f00000| Untracked 
| 160|0x00000000ca000000, 0x00000000ca0fffe8, 0x00000000ca100000| 99%| O|  |TAMS 0x00000000ca0fffe8, 0x00000000ca000000| Untracked 
| 161|0x00000000ca100000, 0x00000000ca1ffff8, 0x00000000ca200000| 99%| O|  |TAMS 0x00000000ca1ffff8, 0x00000000ca100000| Untracked 
| 162|0x00000000ca200000, 0x00000000ca300000, 0x00000000ca300000|100%| O|  |TAMS 0x00000000ca300000, 0x00000000ca200000| Untracked 
| 163|0x00000000ca300000, 0x00000000ca3fffc8, 0x00000000ca400000| 99%| O|  |TAMS 0x00000000ca3fffc8, 0x00000000ca300000| Untracked 
| 164|0x00000000ca400000, 0x00000000ca4fffe0, 0x00000000ca500000| 99%| O|  |TAMS 0x00000000ca4fffe0, 0x00000000ca400000| Untracked 
| 165|0x00000000ca500000, 0x00000000ca5fffd0, 0x00000000ca600000| 99%| O|  |TAMS 0x00000000ca5fffd0, 0x00000000ca500000| Untracked 
| 166|0x00000000ca600000, 0x00000000ca6ffff0, 0x00000000ca700000| 99%| O|  |TAMS 0x00000000ca6ffff0, 0x00000000ca600000| Untracked 
| 167|0x00000000ca700000, 0x00000000ca7fffd0, 0x00000000ca800000| 99%| O|  |TAMS 0x00000000ca7fffd0, 0x00000000ca700000| Untracked 
| 168|0x00000000ca800000, 0x00000000ca8ffff8, 0x00000000ca900000| 99%| O|  |TAMS 0x00000000ca8ffff8, 0x00000000ca800000| Untracked 
| 169|0x00000000ca900000, 0x00000000ca9fffe8, 0x00000000caa00000| 99%| O|  |TAMS 0x00000000ca9fffe8, 0x00000000ca900000| Untracked 
| 170|0x00000000caa00000, 0x00000000caaffff8, 0x00000000cab00000| 99%| O|  |TAMS 0x00000000caaffff8, 0x00000000caa00000| Untracked 
| 171|0x00000000cab00000, 0x00000000cabfffd0, 0x00000000cac00000| 99%| O|  |TAMS 0x00000000cabfffd0, 0x00000000cab00000| Untracked 
| 172|0x00000000cac00000, 0x00000000cad00000, 0x00000000cad00000|100%| O|  |TAMS 0x00000000cad00000, 0x00000000cac00000| Untracked 
| 173|0x00000000cad00000, 0x00000000cadffff8, 0x00000000cae00000| 99%| O|  |TAMS 0x00000000cadffff8, 0x00000000cad00000| Untracked 
| 174|0x00000000cae00000, 0x00000000caeffff8, 0x00000000caf00000| 99%| O|  |TAMS 0x00000000caeffff8, 0x00000000cae00000| Untracked 
| 175|0x00000000caf00000, 0x00000000caffffb8, 0x00000000cb000000| 99%| O|  |TAMS 0x00000000caffffb8, 0x00000000caf00000| Untracked 
| 176|0x00000000cb000000, 0x00000000cb0fffe8, 0x00000000cb100000| 99%| O|  |TAMS 0x00000000cb0fffe8, 0x00000000cb000000| Untracked 
| 177|0x00000000cb100000, 0x00000000cb1ffff0, 0x00000000cb200000| 99%| O|  |TAMS 0x00000000cb1ffff0, 0x00000000cb100000| Untracked 
| 178|0x00000000cb200000, 0x00000000cb2fffd8, 0x00000000cb300000| 99%| O|  |TAMS 0x00000000cb2fffd8, 0x00000000cb200000| Untracked 
| 179|0x00000000cb300000, 0x00000000cb3fffa0, 0x00000000cb400000| 99%| O|  |TAMS 0x00000000cb3fffa0, 0x00000000cb300000| Untracked 
| 180|0x00000000cb400000, 0x00000000cb4fff98, 0x00000000cb500000| 99%| O|  |TAMS 0x00000000cb4fff98, 0x00000000cb400000| Untracked 
| 181|0x00000000cb500000, 0x00000000cb600000, 0x00000000cb600000|100%| O|  |TAMS 0x00000000cb600000, 0x00000000cb500000| Untracked 
| 182|0x00000000cb600000, 0x00000000cb700000, 0x00000000cb700000|100%| O|  |TAMS 0x00000000cb700000, 0x00000000cb600000| Untracked 
| 183|0x00000000cb700000, 0x00000000cb800000, 0x00000000cb800000|100%| O|  |TAMS 0x00000000cb800000, 0x00000000cb700000| Untracked 
| 184|0x00000000cb800000, 0x00000000cb8fffe0, 0x00000000cb900000| 99%| O|  |TAMS 0x00000000cb8fffe0, 0x00000000cb800000| Untracked 
| 185|0x00000000cb900000, 0x00000000cb9ffff8, 0x00000000cba00000| 99%| O|  |TAMS 0x00000000cb9ffff8, 0x00000000cb900000| Untracked 
| 186|0x00000000cba00000, 0x00000000cbaffff8, 0x00000000cbb00000| 99%| O|  |TAMS 0x00000000cbaffff8, 0x00000000cba00000| Untracked 
| 187|0x00000000cbb00000, 0x00000000cbbfff98, 0x00000000cbc00000| 99%| O|  |TAMS 0x00000000cbbfff98, 0x00000000cbb00000| Untracked 
| 188|0x00000000cbc00000, 0x00000000cbd00000, 0x00000000cbd00000|100%| O|  |TAMS 0x00000000cbd00000, 0x00000000cbc00000| Untracked 
| 189|0x00000000cbd00000, 0x00000000cbe00000, 0x00000000cbe00000|100%| O|  |TAMS 0x00000000cbe00000, 0x00000000cbd00000| Untracked 
| 190|0x00000000cbe00000, 0x00000000cbefffe0, 0x00000000cbf00000| 99%| O|  |TAMS 0x00000000cbefffe0, 0x00000000cbe00000| Untracked 
| 191|0x00000000cbf00000, 0x00000000cc000000, 0x00000000cc000000|100%| O|  |TAMS 0x00000000cc000000, 0x00000000cbf00000| Untracked 
| 192|0x00000000cc000000, 0x00000000cc0ffff8, 0x00000000cc100000| 99%| O|  |TAMS 0x00000000cc0ffff8, 0x00000000cc000000| Untracked 
| 193|0x00000000cc100000, 0x00000000cc1ffff0, 0x00000000cc200000| 99%| O|  |TAMS 0x00000000cc1ffff0, 0x00000000cc100000| Untracked 
| 194|0x00000000cc200000, 0x00000000cc2fffe0, 0x00000000cc300000| 99%| O|  |TAMS 0x00000000cc2fffe0, 0x00000000cc200000| Untracked 
| 195|0x00000000cc300000, 0x00000000cc400000, 0x00000000cc400000|100%| O|  |TAMS 0x00000000cc400000, 0x00000000cc300000| Untracked 
| 196|0x00000000cc400000, 0x00000000cc500000, 0x00000000cc500000|100%| O|  |TAMS 0x00000000cc500000, 0x00000000cc400000| Untracked 
| 197|0x00000000cc500000, 0x00000000cc5ffff8, 0x00000000cc600000| 99%| O|  |TAMS 0x00000000cc5ffff8, 0x00000000cc500000| Untracked 
| 198|0x00000000cc600000, 0x00000000cc6fffe0, 0x00000000cc700000| 99%| O|  |TAMS 0x00000000cc6fffe0, 0x00000000cc600000| Untracked 
| 199|0x00000000cc700000, 0x00000000cc7fffd8, 0x00000000cc800000| 99%| O|  |TAMS 0x00000000cc7fffd8, 0x00000000cc700000| Untracked 
| 200|0x00000000cc800000, 0x00000000cc900000, 0x00000000cc900000|100%| O|  |TAMS 0x00000000cc900000, 0x00000000cc800000| Untracked 
| 201|0x00000000cc900000, 0x00000000cc9ffff8, 0x00000000cca00000| 99%| O|  |TAMS 0x00000000cc9ffff8, 0x00000000cc900000| Untracked 
| 202|0x00000000cca00000, 0x00000000ccb00000, 0x00000000ccb00000|100%| O|  |TAMS 0x00000000ccb00000, 0x00000000cca00000| Untracked 
| 203|0x00000000ccb00000, 0x00000000ccbfffa0, 0x00000000ccc00000| 99%| O|  |TAMS 0x00000000ccbfffa0, 0x00000000ccb00000| Untracked 
| 204|0x00000000ccc00000, 0x00000000cccffff0, 0x00000000ccd00000| 99%| O|  |TAMS 0x00000000cccffff0, 0x00000000ccc00000| Untracked 
| 205|0x00000000ccd00000, 0x00000000cce00000, 0x00000000cce00000|100%| O|  |TAMS 0x00000000cce00000, 0x00000000ccd00000| Untracked 
| 206|0x00000000cce00000, 0x00000000ccf00000, 0x00000000ccf00000|100%| O|  |TAMS 0x00000000ccf00000, 0x00000000cce00000| Untracked 
| 207|0x00000000ccf00000, 0x00000000cd000000, 0x00000000cd000000|100%| O|  |TAMS 0x00000000cd000000, 0x00000000ccf00000| Untracked 
| 208|0x00000000cd000000, 0x00000000cd0ffff0, 0x00000000cd100000| 99%| O|  |TAMS 0x00000000cd0ffff0, 0x00000000cd000000| Untracked 
| 209|0x00000000cd100000, 0x00000000cd1fffe8, 0x00000000cd200000| 99%| O|  |TAMS 0x00000000cd1fffe8, 0x00000000cd100000| Untracked 
| 210|0x00000000cd200000, 0x00000000cd300000, 0x00000000cd300000|100%| O|  |TAMS 0x00000000cd300000, 0x00000000cd200000| Untracked 
| 211|0x00000000cd300000, 0x00000000cd3ffff0, 0x00000000cd400000| 99%| O|  |TAMS 0x00000000cd3ffff0, 0x00000000cd300000| Untracked 
| 212|0x00000000cd400000, 0x00000000cd500000, 0x00000000cd500000|100%| O|  |TAMS 0x00000000cd500000, 0x00000000cd400000| Untracked 
| 213|0x00000000cd500000, 0x00000000cd5ffff0, 0x00000000cd600000| 99%| O|  |TAMS 0x00000000cd5ffff0, 0x00000000cd500000| Untracked 
| 214|0x00000000cd600000, 0x00000000cd700000, 0x00000000cd700000|100%| O|  |TAMS 0x00000000cd700000, 0x00000000cd600000| Untracked 
| 215|0x00000000cd700000, 0x00000000cd7ffff8, 0x00000000cd800000| 99%| O|  |TAMS 0x00000000cd7ffff8, 0x00000000cd700000| Untracked 
| 216|0x00000000cd800000, 0x00000000cd8ffff0, 0x00000000cd900000| 99%| O|  |TAMS 0x00000000cd8ffff0, 0x00000000cd800000| Untracked 
| 217|0x00000000cd900000, 0x00000000cd9fffe0, 0x00000000cda00000| 99%| O|  |TAMS 0x00000000cd9fffe0, 0x00000000cd900000| Untracked 
| 218|0x00000000cda00000, 0x00000000cdaffff8, 0x00000000cdb00000| 99%| O|  |TAMS 0x00000000cdaffff8, 0x00000000cda00000| Untracked 
| 219|0x00000000cdb00000, 0x00000000cdbfffe0, 0x00000000cdc00000| 99%| O|  |TAMS 0x00000000cdbfffe0, 0x00000000cdb00000| Untracked 
| 220|0x00000000cdc00000, 0x00000000cdcfffe0, 0x00000000cdd00000| 99%| O|  |TAMS 0x00000000cdcfffe0, 0x00000000cdc00000| Untracked 
| 221|0x00000000cdd00000, 0x00000000cddffff8, 0x00000000cde00000| 99%| O|  |TAMS 0x00000000cddffff8, 0x00000000cdd00000| Untracked 
| 222|0x00000000cde00000, 0x00000000cdf00000, 0x00000000cdf00000|100%| O|  |TAMS 0x00000000cdf00000, 0x00000000cde00000| Untracked 
| 223|0x00000000cdf00000, 0x00000000cdfffff8, 0x00000000ce000000| 99%| O|  |TAMS 0x00000000cdfffff8, 0x00000000cdf00000| Untracked 
| 224|0x00000000ce000000, 0x00000000ce0ffff8, 0x00000000ce100000| 99%| O|  |TAMS 0x00000000ce0ffff8, 0x00000000ce000000| Untracked 
| 225|0x00000000ce100000, 0x00000000ce1fffa0, 0x00000000ce200000| 99%| O|  |TAMS 0x00000000ce1fffa0, 0x00000000ce100000| Untracked 
| 226|0x00000000ce200000, 0x00000000ce300000, 0x00000000ce300000|100%| O|  |TAMS 0x00000000ce300000, 0x00000000ce200000| Untracked 
| 227|0x00000000ce300000, 0x00000000ce400000, 0x00000000ce400000|100%| O|  |TAMS 0x00000000ce400000, 0x00000000ce300000| Untracked 
| 228|0x00000000ce400000, 0x00000000ce4ffff0, 0x00000000ce500000| 99%| O|  |TAMS 0x00000000ce4ffff0, 0x00000000ce400000| Untracked 
| 229|0x00000000ce500000, 0x00000000ce5ffff8, 0x00000000ce600000| 99%| O|  |TAMS 0x00000000ce5ffff8, 0x00000000ce500000| Untracked 
| 230|0x00000000ce600000, 0x00000000ce6fffb0, 0x00000000ce700000| 99%| O|  |TAMS 0x00000000ce6fffb0, 0x00000000ce600000| Untracked 
| 231|0x00000000ce700000, 0x00000000ce7fffe0, 0x00000000ce800000| 99%| O|  |TAMS 0x00000000ce7fffe0, 0x00000000ce700000| Untracked 
| 232|0x00000000ce800000, 0x00000000ce8fffe0, 0x00000000ce900000| 99%| O|  |TAMS 0x00000000ce8fffe0, 0x00000000ce800000| Untracked 
| 233|0x00000000ce900000, 0x00000000ce9ffff8, 0x00000000cea00000| 99%| O|  |TAMS 0x00000000ce9ffff8, 0x00000000ce900000| Untracked 
| 234|0x00000000cea00000, 0x00000000ceafffa0, 0x00000000ceb00000| 99%| O|  |TAMS 0x00000000ceafffa0, 0x00000000cea00000| Untracked 
| 235|0x00000000ceb00000, 0x00000000cebfffe8, 0x00000000cec00000| 99%| O|  |TAMS 0x00000000cebfffe8, 0x00000000ceb00000| Untracked 
| 236|0x00000000cec00000, 0x00000000cecfffe8, 0x00000000ced00000| 99%| O|  |TAMS 0x00000000cecfffe8, 0x00000000cec00000| Untracked 
| 237|0x00000000ced00000, 0x00000000cedfffe0, 0x00000000cee00000| 99%| O|  |TAMS 0x00000000cedfffe0, 0x00000000ced00000| Untracked 
| 238|0x00000000cee00000, 0x00000000ceeffff0, 0x00000000cef00000| 99%| O|  |TAMS 0x00000000ceeffff0, 0x00000000cee00000| Untracked 
| 239|0x00000000cef00000, 0x00000000ceffffe8, 0x00000000cf000000| 99%| O|  |TAMS 0x00000000ceffffe8, 0x00000000cef00000| Untracked 
| 240|0x00000000cf000000, 0x00000000cf0ffff8, 0x00000000cf100000| 99%| O|  |TAMS 0x00000000cf0ffff8, 0x00000000cf000000| Untracked 
| 241|0x00000000cf100000, 0x00000000cf1ffff8, 0x00000000cf200000| 99%| O|  |TAMS 0x00000000cf1ffff8, 0x00000000cf100000| Untracked 
| 242|0x00000000cf200000, 0x00000000cf2fffb0, 0x00000000cf300000| 99%| O|  |TAMS 0x00000000cf2fffb0, 0x00000000cf200000| Untracked 
| 243|0x00000000cf300000, 0x00000000cf400000, 0x00000000cf400000|100%| O|  |TAMS 0x00000000cf400000, 0x00000000cf300000| Untracked 
| 244|0x00000000cf400000, 0x00000000cf4fffd0, 0x00000000cf500000| 99%| O|  |TAMS 0x00000000cf4fffd0, 0x00000000cf400000| Untracked 
| 245|0x00000000cf500000, 0x00000000cf5ffff0, 0x00000000cf600000| 99%| O|  |TAMS 0x00000000cf5ffff0, 0x00000000cf500000| Untracked 
| 246|0x00000000cf600000, 0x00000000cf6ffff8, 0x00000000cf700000| 99%| O|  |TAMS 0x00000000cf6ffff8, 0x00000000cf600000| Untracked 
| 247|0x00000000cf700000, 0x00000000cf800000, 0x00000000cf800000|100%| O|  |TAMS 0x00000000cf800000, 0x00000000cf700000| Untracked 
| 248|0x00000000cf800000, 0x00000000cf900000, 0x00000000cf900000|100%| O|  |TAMS 0x00000000cf900000, 0x00000000cf800000| Untracked 
| 249|0x00000000cf900000, 0x00000000cf9fffd0, 0x00000000cfa00000| 99%| O|  |TAMS 0x00000000cf9fffd0, 0x00000000cf900000| Untracked 
| 250|0x00000000cfa00000, 0x00000000cfafffe8, 0x00000000cfb00000| 99%| O|  |TAMS 0x00000000cfafffe8, 0x00000000cfa00000| Untracked 
| 251|0x00000000cfb00000, 0x00000000cfc00000, 0x00000000cfc00000|100%| O|  |TAMS 0x00000000cfc00000, 0x00000000cfb00000| Untracked 
| 252|0x00000000cfc00000, 0x00000000cfd00000, 0x00000000cfd00000|100%| O|  |TAMS 0x00000000cfd00000, 0x00000000cfc00000| Untracked 
| 253|0x00000000cfd00000, 0x00000000cfdfffd0, 0x00000000cfe00000| 99%| O|  |TAMS 0x00000000cfdfffd0, 0x00000000cfd00000| Untracked 
| 254|0x00000000cfe00000, 0x00000000cfeffff8, 0x00000000cff00000| 99%| O|  |TAMS 0x00000000cfeffff8, 0x00000000cfe00000| Untracked 
| 255|0x00000000cff00000, 0x00000000d0000000, 0x00000000d0000000|100%| O|  |TAMS 0x00000000d0000000, 0x00000000cff00000| Untracked 
| 256|0x00000000d0000000, 0x00000000d00ffff0, 0x00000000d0100000| 99%| O|  |TAMS 0x00000000d00ffff0, 0x00000000d0000000| Untracked 
| 257|0x00000000d0100000, 0x00000000d01fffe8, 0x00000000d0200000| 99%| O|  |TAMS 0x00000000d01fffe8, 0x00000000d0100000| Untracked 
| 258|0x00000000d0200000, 0x00000000d02fffe8, 0x00000000d0300000| 99%| O|  |TAMS 0x00000000d02fffe8, 0x00000000d0200000| Untracked 
| 259|0x00000000d0300000, 0x00000000d03ffff8, 0x00000000d0400000| 99%| O|  |TAMS 0x00000000d03ffff8, 0x00000000d0300000| Untracked 
| 260|0x00000000d0400000, 0x00000000d04fffe0, 0x00000000d0500000| 99%| O|  |TAMS 0x00000000d04fffe0, 0x00000000d0400000| Untracked 
| 261|0x00000000d0500000, 0x00000000d0600000, 0x00000000d0600000|100%| O|  |TAMS 0x00000000d0600000, 0x00000000d0500000| Untracked 
| 262|0x00000000d0600000, 0x00000000d06ffff0, 0x00000000d0700000| 99%| O|  |TAMS 0x00000000d06ffff0, 0x00000000d0600000| Untracked 
| 263|0x00000000d0700000, 0x00000000d07fffd8, 0x00000000d0800000| 99%| O|  |TAMS 0x00000000d07fffd8, 0x00000000d0700000| Untracked 
| 264|0x00000000d0800000, 0x00000000d08fffe8, 0x00000000d0900000| 99%| O|  |TAMS 0x00000000d08fffe8, 0x00000000d0800000| Untracked 
| 265|0x00000000d0900000, 0x00000000d0a00000, 0x00000000d0a00000|100%| O|  |TAMS 0x00000000d0a00000, 0x00000000d0900000| Untracked 
| 266|0x00000000d0a00000, 0x00000000d0affff8, 0x00000000d0b00000| 99%| O|  |TAMS 0x00000000d0affff8, 0x00000000d0a00000| Untracked 
| 267|0x00000000d0b00000, 0x00000000d0bfffe0, 0x00000000d0c00000| 99%| O|  |TAMS 0x00000000d0bfffe0, 0x00000000d0b00000| Untracked 
| 268|0x00000000d0c00000, 0x00000000d0d00000, 0x00000000d0d00000|100%| O|  |TAMS 0x00000000d0d00000, 0x00000000d0c00000| Untracked 
| 269|0x00000000d0d00000, 0x00000000d0dffff0, 0x00000000d0e00000| 99%| O|  |TAMS 0x00000000d0dffff0, 0x00000000d0d00000| Untracked 
| 270|0x00000000d0e00000, 0x00000000d0f00000, 0x00000000d0f00000|100%| O|  |TAMS 0x00000000d0f00000, 0x00000000d0e00000| Untracked 
| 271|0x00000000d0f00000, 0x00000000d0fffff0, 0x00000000d1000000| 99%| O|  |TAMS 0x00000000d0fffff0, 0x00000000d0f00000| Untracked 
| 272|0x00000000d1000000, 0x00000000d10ffff8, 0x00000000d1100000| 99%| O|  |TAMS 0x00000000d10ffff8, 0x00000000d1000000| Untracked 
| 273|0x00000000d1100000, 0x00000000d11ffff0, 0x00000000d1200000| 99%| O|  |TAMS 0x00000000d11ffff0, 0x00000000d1100000| Untracked 
| 274|0x00000000d1200000, 0x00000000d12ffff8, 0x00000000d1300000| 99%| O|  |TAMS 0x00000000d12ffff8, 0x00000000d1200000| Untracked 
| 275|0x00000000d1300000, 0x00000000d1400000, 0x00000000d1400000|100%| O|  |TAMS 0x00000000d1400000, 0x00000000d1300000| Untracked 
| 276|0x00000000d1400000, 0x00000000d14fffe0, 0x00000000d1500000| 99%| O|  |TAMS 0x00000000d14fffe0, 0x00000000d1400000| Untracked 
| 277|0x00000000d1500000, 0x00000000d15ffff8, 0x00000000d1600000| 99%| O|  |TAMS 0x00000000d15ffff8, 0x00000000d1500000| Untracked 
| 278|0x00000000d1600000, 0x00000000d16ffff8, 0x00000000d1700000| 99%| O|  